  simple_edge_detection20160229.cpp
c:\opencv\build\include\opencv2\core\mat.hpp(1965): warning C4819: 檔案含有無法在目前字碼頁 (950) 中表示的字元。請以 Unicode 格式儲存檔案以防止資料遺失
c:\opencv\build\include\opencv2\core\persistence.hpp : warning C4819: 檔案含有無法在目前字碼頁 (950) 中表示的字元。請以 Unicode 格式儲存檔案以防止資料遺失
c:\opencv\build\include\opencv2\core\utility.hpp : warning C4819: 檔案含有無法在目前字碼頁 (950) 中表示的字元。請以 Unicode 格式儲存檔案以防止資料遺失
simple_edge_detection20160229.obj : error LNK2019: 無法解析的外部符號 "void __cdecl cv::fastFree(void *)" (?fastFree@cv@@YAXPAX@Z) 在函式 "public: __thiscall cv::Mat::~Mat(void)" (??1Mat@cv@@QAE@XZ) 中被參考
simple_edge_detection20160229.obj : error LNK2019: 無法解析的外部符號 "private: char * __thiscall cv::String::allocate(unsigned int)" (?allocate@String@cv@@AAEPADI@Z) 在函式 "public: __thiscall cv::String::String(char const *)" (??0String@cv@@QAE@PBD@Z) 中被參考
simple_edge_detection20160229.obj : error LNK2019: 無法解析的外部符號 "private: void __thiscall cv::String::deallocate(void)" (?deallocate@String@cv@@AAEXXZ) 在函式 "public: __thiscall cv::String::~String(void)" (??1String@cv@@QAE@XZ) 中被參考
simple_edge_detection20160229.obj : error LNK2019: 無法解析的外部符號 "public: void __thiscall cv::Mat::deallocate(void)" (?deallocate@Mat@cv@@QAEXXZ) 在函式 "public: void __thiscall cv::Mat::release(void)" (?release@Mat@cv@@QAEXXZ) 中被參考
simple_edge_detection20160229.obj : error LNK2019: 無法解析的外部符號 "void __cdecl cv::addWeighted(class cv::_InputArray const &,double,class cv::_InputArray const &,double,double,class cv::_OutputArray const &,int)" (?addWeighted@cv@@YAXABV_InputArray@1@N0NNABV_OutputArray@1@H@Z) 在函式 _main 中被參考
simple_edge_detection20160229.obj : error LNK2019: 無法解析的外部符號 "void __cdecl cv::convertScaleAbs(class cv::_InputArray const &,class cv::_OutputArray const &,double,double)" (?convertScaleAbs@cv@@YAXABV_InputArray@1@ABV_OutputArray@1@NN@Z) 在函式 _main 中被參考
simple_edge_detection20160229.obj : error LNK2019: 無法解析的外部符號 "int __cdecl cv::countNonZero(class cv::_InputArray const &)" (?countNonZero@cv@@YAHABV_InputArray@1@@Z) 在函式 _main 中被參考
simple_edge_detection20160229.obj : error LNK2019: 無法解析的外部符號 _cvReleaseImage 在函式 _main 中被參考
simple_edge_detection20160229.obj : error LNK2019: 無法解析的外部符號 _cvLoadImage 在函式 _main 中被參考
simple_edge_detection20160229.obj : error LNK2019: 無法解析的外部符號 _cvWaitKey 在函式 _main 中被參考
simple_edge_detection20160229.obj : error LNK2019: 無法解析的外部符號 "void __cdecl cv::blur(class cv::_InputArray const &,class cv::_OutputArray const &,class cv::Size_<int>,class cv::Point_<int>,int)" (?blur@cv@@YAXABV_InputArray@1@ABV_OutputArray@1@V?$Size_@H@1@V?$Point_@H@1@H@Z) 在函式 _main 中被參考
simple_edge_detection20160229.obj : error LNK2019: 無法解析的外部符號 "void __cdecl cv::Sobel(class cv::_InputArray const &,class cv::_OutputArray const &,int,int,int,int,double,double,int)" (?Sobel@cv@@YAXABV_InputArray@1@ABV_OutputArray@1@HHHHNNH@Z) 在函式 _main 中被參考
simple_edge_detection20160229.obj : error LNK2019: 無法解析的外部符號 "void __cdecl cv::Laplacian(class cv::_InputArray const &,class cv::_OutputArray const &,int,int,double,double,int)" (?Laplacian@cv@@YAXABV_InputArray@1@ABV_OutputArray@1@HHNNH@Z) 在函式 _main 中被參考
simple_edge_detection20160229.obj : error LNK2019: 無法解析的外部符號 "void __cdecl cv::Canny(class cv::_InputArray const &,class cv::_OutputArray const &,double,double,int,bool)" (?Canny@cv@@YAXABV_InputArray@1@ABV_OutputArray@1@NNH_N@Z) 在函式 _main 中被參考
simple_edge_detection20160229.obj : error LNK2019: 無法解析的外部符號 "double __cdecl cv::threshold(class cv::_InputArray const &,class cv::_OutputArray const &,double,double,int)" (?threshold@cv@@YANABV_InputArray@1@ABV_OutputArray@1@NNH@Z) 在函式 _main 中被參考
simple_edge_detection20160229.obj : error LNK2019: 無法解析的外部符號 "void __cdecl cv::cvtColor(class cv::_InputArray const &,class cv::_OutputArray const &,int,int)" (?cvtColor@cv@@YAXABV_InputArray@1@ABV_OutputArray@1@HH@Z) 在函式 _main 中被參考
simple_edge_detection20160229.obj : error LNK2019: 無法解析的外部符號 "class cv::Mat __cdecl cv::imread(class cv::String const &,int)" (?imread@cv@@YA?AVMat@1@ABVString@1@H@Z) 在函式 _main 中被參考
C:\opencv\build\x64\vc14\lib\opencv_world310.lib : warning LNK4272: 程式庫電腦類型 'x64' 與目標電腦類型 'X86' 發生衝突
C:\opencv\build\x64\vc14\lib\opencv_world310d.lib : warning LNK4272: 程式庫電腦類型 'x64' 與目標電腦類型 'X86' 發生衝突
D:\實驗室資料\科技部計畫\我的程式碼\simple_edge_detection20160229\Debug\simple_edge_detection20160229.exe : fatal error LNK1120: 17 個無法解析的外部符號
